<?xml version="1.0" encoding="UTF-8"?>
<!-- Generated by org.testng.reporters.JUnitXMLReporter -->
<testsuite hostname="qburst" ignored="1" name="Verify Safety Text" tests="1" failures="0" timestamp="2022-12-06T14:51:41 IST" time="20.167" errors="0">
  <testcase name="vefifySafteyText" time="18.646" classname="com.qburst.testing.automationcore.testng.TeslaTest"/>
  <testcase name="vefifySafteyTextFailing" time="0.0" classname="com.qburst.testing.automationcore.testng.TeslaTest">
    <ignored/>
  </testcase> <!-- vefifySafteyTextFailing -->
</testsuite> <!-- Verify Safety Text -->
